-------------------------------------------------------------------------------
013
Running /projects/sanlab/shared/PROP/PROP_scripts/fMRI/fx/models/fx.m
-------------------------------------------------------------------------------

                            < M A T L A B (R) >
                  Copyright 1984-2017 The MathWorks, Inc.
                   R2017b (9.3.0.713579) 64-bit (glnxa64)
                             September 14, 2017

 
To get started, type one of these: helpwin, helpdesk, or demo.
For product information, visit www.mathworks.com.
 


------------------------------------------------------------------------
Running job #1
------------------------------------------------------------------------
Running 'Make Directory'
Done    'Make Directory'
Running 'Gunzip Files'
Done    'Gunzip Files'
Running 'Gunzip Files'
Done    'Gunzip Files'
Running 'Expand image frames'
Done    'Expand image frames'
Running 'Expand image frames'
Done    'Expand image frames'
Running 'Smooth'
Done    'Smooth'
Running 'Smooth'
Done    'Smooth'
Running 'Gunzip Files'
Done    'Gunzip Files'
Running 'fMRI model specification'

SPM12: spm_fMRI_design (v5183)                     21:48:58 - 12/09/2018
========================================================================
Saving fMRI design                      :               ...SPM.mat saved

SPM12: spm_fmri_spm_ui (v6088)                     21:48:59 - 12/09/2018
========================================================================
Mapping files                           :                        ...done
Calculating globals                     :                        ...done
Saving SPM configuration                :               ...SPM.mat saved
Saving SPM configuration                :               ...SPM.mat saved
Completed                               :          21:49:21 - 12/09/2018
Done    'fMRI model specification'
Done

